<?xml version="1.0" ?>
<!DOCTYPE coverage SYSTEM "http://cobertura.sourceforge.net/xml/coverage-04.dtd">
<coverage lines-valid="142"  lines-covered="55"  line-rate="0.3873"  branches-valid="22"  branches-covered="0"  branch-rate="0"  timestamp="1497044165093" complexity="0" version="0.1">
<sources>
	<source>/home/ubuntu/workspace/al_first_app</source>
</sources>
<packages>
	<package name="directives"  line-rate="0.6667000000000001"  branch-rate="1" >
	<classes>
		<class name="movieDetail.js"  filename="src/main/tmdb/directives/movieDetail.js"  line-rate="0.6667000000000001"  branch-rate="1" >
		<methods>
			<method name="(anonymous_1)"  hits="1"  signature="()V" >
				<lines><line number="22"  hits="1" /></lines>
			</method>
			<method name="(anonymous_2)"  hits="0"  signature="()V" >
				<lines><line number="25"  hits="0" /></lines>
			</method>
		</methods>
		<lines>
			<line number="20"  hits="1"  branch="false" />
			<line number="25"  hits="1"  branch="false" />
			<line number="26"  hits="0"  branch="false" />
		</lines>
		</class>
		<class name="movieStars.js"  filename="src/main/tmdb/directives/movieStars.js"  line-rate="0.6667000000000001"  branch-rate="1" >
		<methods>
			<method name="(anonymous_1)"  hits="1"  signature="()V" >
				<lines><line number="3"  hits="1" /></lines>
			</method>
			<method name="(anonymous_2)"  hits="0"  signature="()V" >
				<lines><line number="6"  hits="0" /></lines>
			</method>
		</methods>
		<lines>
			<line number="1"  hits="1"  branch="false" />
			<line number="6"  hits="1"  branch="false" />
			<line number="7"  hits="0"  branch="false" />
		</lines>
		</class>
		<class name="score.js"  filename="src/main/tmdb/directives/score.js"  line-rate="0.6667000000000001"  branch-rate="1" >
		<methods>
			<method name="(anonymous_1)"  hits="1"  signature="()V" >
				<lines><line number="3"  hits="1" /></lines>
			</method>
			<method name="(anonymous_2)"  hits="0"  signature="()V" >
				<lines><line number="6"  hits="0" /></lines>
			</method>
		</methods>
		<lines>
			<line number="1"  hits="1"  branch="false" />
			<line number="6"  hits="1"  branch="false" />
			<line number="7"  hits="0"  branch="false" />
		</lines>
		</class>
	</classes>
	</package>
	<package name="partials.home"  line-rate="0.88"  branch-rate="1" >
	<classes>
		<class name="HomeController.js"  filename="src/main/tmdb/partials/home/HomeController.js"  line-rate="0.7"  branch-rate="1" >
		<methods>
			<method name="(anonymous_1)"  hits="1"  signature="()V" >
				<lines><line number="21"  hits="1" /></lines>
			</method>
			<method name="(anonymous_2)"  hits="1"  signature="()V" >
				<lines><line number="24"  hits="1" /></lines>
			</method>
			<method name="(anonymous_3)"  hits="0"  signature="()V" >
				<lines><line number="31"  hits="0" /></lines>
			</method>
		</methods>
		<lines>
			<line number="18"  hits="1"  branch="false" />
			<line number="24"  hits="1"  branch="false" />
			<line number="26"  hits="1"  branch="false" />
			<line number="30"  hits="1"  branch="false" />
			<line number="31"  hits="1"  branch="false" />
			<line number="32"  hits="0"  branch="false" />
			<line number="33"  hits="0"  branch="false" />
			<line number="34"  hits="0"  branch="false" />
			<line number="39"  hits="1"  branch="false" />
			<line number="41"  hits="1"  branch="false" />
		</lines>
		</class>
		<class name="HomeController.test.js"  filename="src/main/tmdb/partials/home/HomeController.test.js"  line-rate="1"  branch-rate="1" >
		<methods>
			<method name="(anonymous_1)"  hits="1"  signature="()V" >
				<lines><line number="8"  hits="1" /></lines>
			</method>
			<method name="(anonymous_2)"  hits="1"  signature="()V" >
				<lines><line number="10"  hits="1" /></lines>
			</method>
			<method name="(anonymous_3)"  hits="1"  signature="()V" >
				<lines><line number="13"  hits="1" /></lines>
			</method>
			<method name="(anonymous_4)"  hits="1"  signature="()V" >
				<lines><line number="23"  hits="1" /></lines>
			</method>
			<method name="(anonymous_5)"  hits="1"  signature="()V" >
				<lines><line number="27"  hits="1" /></lines>
			</method>
			<method name="(anonymous_6)"  hits="1"  signature="()V" >
				<lines><line number="30"  hits="1" /></lines>
			</method>
			<method name="(anonymous_7)"  hits="1"  signature="()V" >
				<lines><line number="32"  hits="1" /></lines>
			</method>
			<method name="(anonymous_8)"  hits="1"  signature="()V" >
				<lines><line number="50"  hits="1" /></lines>
			</method>
		</methods>
		<lines>
			<line number="5"  hits="1"  branch="false" />
			<line number="10"  hits="1"  branch="false" />
			<line number="11"  hits="1"  branch="false" />
			<line number="13"  hits="1"  branch="false" />
			<line number="17"  hits="1"  branch="false" />
			<line number="18"  hits="1"  branch="false" />
			<line number="23"  hits="1"  branch="false" />
			<line number="25"  hits="1"  branch="false" />
			<line number="26"  hits="1"  branch="false" />
			<line number="28"  hits="1"  branch="false" />
			<line number="31"  hits="1"  branch="false" />
			<line number="33"  hits="1"  branch="false" />
			<line number="41"  hits="1"  branch="false" />
			<line number="50"  hits="1"  branch="false" />
			<line number="51"  hits="1"  branch="false" />
		</lines>
		</class>
	</classes>
	</package>
	<package name="partials.movie"  line-rate="0.44439999999999996"  branch-rate="1" >
	<classes>
		<class name="MovieController.js"  filename="src/main/tmdb/partials/movie/MovieController.js"  line-rate="0.44439999999999996"  branch-rate="1" >
		<methods>
			<method name="(anonymous_1)"  hits="1"  signature="()V" >
				<lines><line number="23"  hits="1" /></lines>
			</method>
			<method name="(anonymous_2)"  hits="0"  signature="()V" >
				<lines><line number="26"  hits="0" /></lines>
			</method>
			<method name="(anonymous_3)"  hits="0"  signature="()V" >
				<lines><line number="33"  hits="0" /></lines>
			</method>
		</methods>
		<lines>
			<line number="19"  hits="1"  branch="false" />
			<line number="26"  hits="1"  branch="false" />
			<line number="28"  hits="0"  branch="false" />
			<line number="32"  hits="0"  branch="false" />
			<line number="33"  hits="0"  branch="false" />
			<line number="34"  hits="0"  branch="false" />
			<line number="35"  hits="0"  branch="false" />
			<line number="40"  hits="1"  branch="false" />
			<line number="42"  hits="1"  branch="false" />
		</lines>
		</class>
	</classes>
	</package>
	<package name="partials.movieDetailLoader"  line-rate="0.5714"  branch-rate="1" >
	<classes>
		<class name="MovieDetailLoader.js"  filename="src/main/tmdb/partials/movieDetailLoader/MovieDetailLoader.js"  line-rate="0.5714"  branch-rate="1" >
		<methods>
			<method name="(anonymous_1)"  hits="1"  signature="()V" >
				<lines><line number="20"  hits="1" /></lines>
			</method>
			<method name="(anonymous_2)"  hits="0"  signature="()V" >
				<lines><line number="23"  hits="0" /></lines>
			</method>
		</methods>
		<lines>
			<line number="17"  hits="1"  branch="false" />
			<line number="23"  hits="1"  branch="false" />
			<line number="25"  hits="0"  branch="false" />
			<line number="26"  hits="0"  branch="false" />
			<line number="29"  hits="0"  branch="false" />
			<line number="34"  hits="1"  branch="false" />
			<line number="36"  hits="1"  branch="false" />
		</lines>
		</class>
	</classes>
	</package>
	<package name="partials.movieStars"  line-rate="1"  branch-rate="1" >
	<classes>
		<class name="movieStarsController.js"  filename="src/main/tmdb/partials/movieStars/movieStarsController.js"  line-rate="1"  branch-rate="1" >
		<methods>
			<method name="(anonymous_1)"  hits="1"  signature="()V" >
				<lines><line number="4"  hits="1" /></lines>
			</method>
			<method name="(anonymous_2)"  hits="1"  signature="()V" >
				<lines><line number="7"  hits="1" /></lines>
			</method>
		</methods>
		<lines>
			<line number="1"  hits="1"  branch="false" />
			<line number="7"  hits="1"  branch="false" />
			<line number="9"  hits="1"  branch="false" />
			<line number="15"  hits="1"  branch="false" />
			<line number="17"  hits="1"  branch="false" />
		</lines>
		</class>
		<class name="movieStarsController.test.js"  filename="src/main/tmdb/partials/movieStars/movieStarsController.test.js"  line-rate="1"  branch-rate="1" >
		<methods>
			<method name="(anonymous_1)"  hits="1"  signature="()V" >
				<lines><line number="9"  hits="1" /></lines>
			</method>
			<method name="(anonymous_2)"  hits="1"  signature="()V" >
				<lines><line number="11"  hits="1" /></lines>
			</method>
			<method name="(anonymous_3)"  hits="1"  signature="()V" >
				<lines><line number="14"  hits="1" /></lines>
			</method>
			<method name="(anonymous_4)"  hits="1"  signature="()V" >
				<lines><line number="23"  hits="1" /></lines>
			</method>
			<method name="(anonymous_5)"  hits="1"  signature="()V" >
				<lines><line number="34"  hits="1" /></lines>
			</method>
		</methods>
		<lines>
			<line number="5"  hits="1"  branch="false" />
			<line number="11"  hits="1"  branch="false" />
			<line number="12"  hits="1"  branch="false" />
			<line number="14"  hits="1"  branch="false" />
			<line number="18"  hits="1"  branch="false" />
			<line number="23"  hits="1"  branch="false" />
			<line number="25"  hits="1"  branch="false" />
			<line number="26"  hits="1"  branch="false" />
			<line number="34"  hits="1"  branch="false" />
			<line number="35"  hits="1"  branch="false" />
		</lines>
		</class>
	</classes>
	</package>
	<package name="partials.score"  line-rate="1"  branch-rate="1" >
	<classes>
		<class name="scoreController.js"  filename="src/main/tmdb/partials/score/scoreController.js"  line-rate="1"  branch-rate="1" >
		<methods>
		</methods>
		<lines>
		</lines>
		</class>
	</classes>
	</package>
	<package name="services"  line-rate="0.0519"  branch-rate="0" >
	<classes>
		<class name="TMDBAPIService.js"  filename="src/main/tmdb/services/TMDBAPIService.js"  line-rate="0.0519"  branch-rate="0" >
		<methods>
			<method name="(anonymous_1)"  hits="1"  signature="()V" >
				<lines><line number="23"  hits="1" /></lines>
			</method>
			<method name="(anonymous_2)"  hits="0"  signature="()V" >
				<lines><line number="26"  hits="0" /></lines>
			</method>
			<method name="(anonymous_3)"  hits="0"  signature="()V" >
				<lines><line number="34"  hits="0" /></lines>
			</method>
			<method name="(anonymous_4)"  hits="0"  signature="()V" >
				<lines><line number="35"  hits="0" /></lines>
			</method>
			<method name="(anonymous_5)"  hits="0"  signature="()V" >
				<lines><line number="40"  hits="0" /></lines>
			</method>
			<method name="(anonymous_6)"  hits="0"  signature="()V" >
				<lines><line number="64"  hits="0" /></lines>
			</method>
			<method name="(anonymous_7)"  hits="0"  signature="()V" >
				<lines><line number="65"  hits="0" /></lines>
			</method>
			<method name="(anonymous_8)"  hits="0"  signature="()V" >
				<lines><line number="70"  hits="0" /></lines>
			</method>
			<method name="(anonymous_9)"  hits="0"  signature="()V" >
				<lines><line number="84"  hits="0" /></lines>
			</method>
			<method name="(anonymous_10)"  hits="0"  signature="()V" >
				<lines><line number="85"  hits="0" /></lines>
			</method>
			<method name="(anonymous_11)"  hits="0"  signature="()V" >
				<lines><line number="90"  hits="0" /></lines>
			</method>
			<method name="(anonymous_12)"  hits="0"  signature="()V" >
				<lines><line number="104"  hits="0" /></lines>
			</method>
			<method name="(anonymous_13)"  hits="0"  signature="()V" >
				<lines><line number="105"  hits="0" /></lines>
			</method>
			<method name="(anonymous_14)"  hits="0"  signature="()V" >
				<lines><line number="110"  hits="0" /></lines>
			</method>
			<method name="(anonymous_15)"  hits="0"  signature="()V" >
				<lines><line number="119"  hits="0" /></lines>
			</method>
			<method name="(anonymous_16)"  hits="0"  signature="()V" >
				<lines><line number="128"  hits="0" /></lines>
			</method>
			<method name="(anonymous_17)"  hits="0"  signature="()V" >
				<lines><line number="137"  hits="0" /></lines>
			</method>
			<method name="(anonymous_18)"  hits="0"  signature="()V" >
				<lines><line number="146"  hits="0" /></lines>
			</method>
			<method name="(anonymous_19)"  hits="0"  signature="()V" >
				<lines><line number="166"  hits="0" /></lines>
			</method>
			<method name="(anonymous_20)"  hits="0"  signature="()V" >
				<lines><line number="183"  hits="0" /></lines>
			</method>
		</methods>
		<lines>
			<line number="18"  hits="1"  branch="false" />
			<line number="26"  hits="1"  branch="false" />
			<line number="28"  hits="0"  branch="false" />
			<line number="34"  hits="0"  branch="false" />
			<line number="35"  hits="0"  branch="false" />
			<line number="36"  hits="0"  branch="false" />
			<line number="37"  hits="0"  branch="false" />
			<line number="40"  hits="0"  branch="false" />
			<line number="41"  hits="0"  branch="true"  condition-coverage="0% (0/2)" />
			<line number="42"  hits="0"  branch="false" />
			<line number="44"  hits="0"  branch="true"  condition-coverage="0% (0/2)" />
			<line number="45"  hits="0"  branch="false" />
			<line number="47"  hits="0"  branch="true"  condition-coverage="0% (0/2)" />
			<line number="48"  hits="0"  branch="false" />
			<line number="50"  hits="0"  branch="false" />
			<line number="51"  hits="0"  branch="false" />
			<line number="55"  hits="0"  branch="false" />
			<line number="64"  hits="0"  branch="false" />
			<line number="65"  hits="0"  branch="false" />
			<line number="66"  hits="0"  branch="false" />
			<line number="67"  hits="0"  branch="false" />
			<line number="70"  hits="0"  branch="false" />
			<line number="71"  hits="0"  branch="false" />
			<line number="72"  hits="0"  branch="false" />
			<line number="75"  hits="0"  branch="false" />
			<line number="84"  hits="0"  branch="false" />
			<line number="85"  hits="0"  branch="false" />
			<line number="86"  hits="0"  branch="false" />
			<line number="87"  hits="0"  branch="false" />
			<line number="90"  hits="0"  branch="false" />
			<line number="91"  hits="0"  branch="false" />
			<line number="92"  hits="0"  branch="false" />
			<line number="95"  hits="0"  branch="false" />
			<line number="104"  hits="0"  branch="false" />
			<line number="105"  hits="0"  branch="false" />
			<line number="106"  hits="0"  branch="false" />
			<line number="107"  hits="0"  branch="false" />
			<line number="110"  hits="0"  branch="false" />
			<line number="111"  hits="0"  branch="true"  condition-coverage="0% (0/2)" />
			<line number="112"  hits="0"  branch="false" />
			<line number="114"  hits="0"  branch="false" />
			<line number="115"  hits="0"  branch="false" />
			<line number="119"  hits="0"  branch="false" />
			<line number="120"  hits="0"  branch="true"  condition-coverage="0% (0/2)" />
			<line number="121"  hits="0"  branch="false" />
			<line number="123"  hits="0"  branch="false" />
			<line number="124"  hits="0"  branch="false" />
			<line number="128"  hits="0"  branch="false" />
			<line number="129"  hits="0"  branch="true"  condition-coverage="0% (0/2)" />
			<line number="130"  hits="0"  branch="false" />
			<line number="132"  hits="0"  branch="false" />
			<line number="133"  hits="0"  branch="false" />
			<line number="137"  hits="0"  branch="false" />
			<line number="138"  hits="0"  branch="true"  condition-coverage="0% (0/2)" />
			<line number="139"  hits="0"  branch="false" />
			<line number="141"  hits="0"  branch="false" />
			<line number="142"  hits="0"  branch="false" />
			<line number="146"  hits="0"  branch="false" />
			<line number="147"  hits="0"  branch="true"  condition-coverage="0% (0/2)" />
			<line number="148"  hits="0"  branch="false" />
			<line number="150"  hits="0"  branch="false" />
			<line number="151"  hits="0"  branch="false" />
			<line number="154"  hits="0"  branch="false" />
			<line number="166"  hits="0"  branch="false" />
			<line number="168"  hits="0"  branch="true"  condition-coverage="0% (0/2)" />
			<line number="169"  hits="0"  branch="false" />
			<line number="172"  hits="0"  branch="true"  condition-coverage="0% (0/2)" />
			<line number="173"  hits="0"  branch="false" />
			<line number="174"  hits="0"  branch="true"  condition-coverage="0% (0/2)" />
			<line number="175"  hits="0"  branch="false" />
			<line number="176"  hits="0"  branch="false" />
			<line number="180"  hits="0"  branch="false" />
			<line number="183"  hits="0"  branch="false" />
			<line number="184"  hits="0"  branch="false" />
			<line number="186"  hits="0"  branch="false" />
			<line number="191"  hits="1"  branch="false" />
			<line number="193"  hits="1"  branch="false" />
		</lines>
		</class>
	</classes>
	</package>
</packages>
</coverage>
